CRITICAL - 2025-04-30 12:18:56 --> CodeIgniter\View\Exceptions\ViewException: Invalid file: "usuario/bem-vindo.php"
[Method: GET, Route: bem-vindo]
in SYSTEMPATH\Exceptions\FrameworkException.php on line 39.
 1 SYSTEMPATH\View\View.php(212): CodeIgniter\Exceptions\FrameworkException::forInvalidFile('usuario/bem-vindo.php')
 2 SYSTEMPATH\Common.php(1173): CodeIgniter\View\View->render('usuario/bem-vindo', [], true)
 3 APPPATH\Controllers\Usuario.php(76): view('usuario/bem-vindo')
 4 SYSTEMPATH\CodeIgniter.php(933): App\Controllers\Usuario->bemVindo()
 5 SYSTEMPATH\CodeIgniter.php(507): CodeIgniter\CodeIgniter->runController(Object(App\Controllers\Usuario))
 6 SYSTEMPATH\CodeIgniter.php(354): CodeIgniter\CodeIgniter->handleRequest(null, Object(Config\Cache), false)
 7 SYSTEMPATH\Boot.php(334): CodeIgniter\CodeIgniter->run()
 8 SYSTEMPATH\Boot.php(67): CodeIgniter\Boot::runCodeIgniter(Object(CodeIgniter\CodeIgniter))
 9 FCPATH\index.php(56): CodeIgniter\Boot::bootWeb(Object(Config\Paths))
10 SYSTEMPATH\rewrite.php(44): require_once('C:\\xampp\\htdocs\\meu-formulario\\public\\index.php')
CRITICAL - 2025-04-30 13:08:12 --> CodeIgniter\View\Exceptions\ViewException: Invalid file: "usuario/bem-vindo.php"
[Method: GET, Route: bem-vindo]
in SYSTEMPATH\Exceptions\FrameworkException.php on line 39.
 1 SYSTEMPATH\View\View.php(212): CodeIgniter\Exceptions\FrameworkException::forInvalidFile('usuario/bem-vindo.php')
 2 SYSTEMPATH\Common.php(1173): CodeIgniter\View\View->render('usuario/bem-vindo', [], true)
 3 APPPATH\Controllers\Usuario.php(76): view('usuario/bem-vindo')
 4 SYSTEMPATH\CodeIgniter.php(933): App\Controllers\Usuario->bemVindo()
 5 SYSTEMPATH\CodeIgniter.php(507): CodeIgniter\CodeIgniter->runController(Object(App\Controllers\Usuario))
 6 SYSTEMPATH\CodeIgniter.php(354): CodeIgniter\CodeIgniter->handleRequest(null, Object(Config\Cache), false)
 7 SYSTEMPATH\Boot.php(334): CodeIgniter\CodeIgniter->run()
 8 SYSTEMPATH\Boot.php(67): CodeIgniter\Boot::runCodeIgniter(Object(CodeIgniter\CodeIgniter))
 9 FCPATH\index.php(56): CodeIgniter\Boot::bootWeb(Object(Config\Paths))
10 SYSTEMPATH\rewrite.php(44): require_once('C:\\xampp\\htdocs\\meu-formulario\\public\\index.php')
