CRITICAL - 2025-04-16 13:22:12 --> CodeIgniter\Exceptions\ConfigException: Invalid DBDriver name: "MariaDB"
[Method: GET, Route: usuario]
in SYSTEMPATH\Database\Database.php on line 172.
 1 SYSTEMPATH\Database\Database.php(59): CodeIgniter\Database\Database->checkDbExtension('MariaDB')
 2 SYSTEMPATH\Database\Config.php(84): CodeIgniter\Database\Database->load([...], 'default')
 3 SYSTEMPATH\Model.php(155): CodeIgniter\Database\Config::connect('default')
 4 APPPATH\Controllers\usuario.php(10): CodeIgniter\Model->__construct()
 5 SYSTEMPATH\CodeIgniter.php(933): App\Controllers\usuario->index()
 6 SYSTEMPATH\CodeIgniter.php(507): CodeIgniter\CodeIgniter->runController(Object(App\Controllers\usuario))
 7 SYSTEMPATH\CodeIgniter.php(354): CodeIgniter\CodeIgniter->handleRequest(null, Object(Config\Cache), false)
 8 SYSTEMPATH\Boot.php(334): CodeIgniter\CodeIgniter->run()
 9 SYSTEMPATH\Boot.php(67): CodeIgniter\Boot::runCodeIgniter(Object(CodeIgniter\CodeIgniter))
10 FCPATH\index.php(56): CodeIgniter\Boot::bootWeb(Object(Config\Paths))
CRITICAL - 2025-04-16 13:24:09 --> CodeIgniter\Exceptions\ConfigException: Invalid DBDriver name: "MariaDB"
[Method: GET, Route: usuario]
in SYSTEMPATH\Database\Database.php on line 172.
 1 SYSTEMPATH\Database\Database.php(59): CodeIgniter\Database\Database->checkDbExtension('MariaDB')
 2 SYSTEMPATH\Database\Config.php(84): CodeIgniter\Database\Database->load([...], 'default')
 3 SYSTEMPATH\Model.php(155): CodeIgniter\Database\Config::connect('default')
 4 APPPATH\Controllers\usuario.php(10): CodeIgniter\Model->__construct()
 5 SYSTEMPATH\CodeIgniter.php(933): App\Controllers\usuario->index()
 6 SYSTEMPATH\CodeIgniter.php(507): CodeIgniter\CodeIgniter->runController(Object(App\Controllers\usuario))
 7 SYSTEMPATH\CodeIgniter.php(354): CodeIgniter\CodeIgniter->handleRequest(null, Object(Config\Cache), false)
 8 SYSTEMPATH\Boot.php(334): CodeIgniter\CodeIgniter->run()
 9 SYSTEMPATH\Boot.php(67): CodeIgniter\Boot::runCodeIgniter(Object(CodeIgniter\CodeIgniter))
10 FCPATH\index.php(56): CodeIgniter\Boot::bootWeb(Object(Config\Paths))
